Info 0    [16:44:49.547] Starting TS Server
Info 1    [16:44:49.548] Version: 3.3.1
Info 2    [16:44:49.548] Arguments: /Users/johng/Applications/Visual Studio Code.app/Contents/Frameworks/Code Helper.app/Contents/MacOS/Code Helper /Users/johng/Applications/Visual Studio Code.app/Contents/Resources/app/extensions/node_modules/typescript/lib/tsserver.js --useInferredProjectPerProjectRoot --enableTelemetry --cancellationPipeName /var/folders/48/48mkm9353fgd71nk27sxw7mw0000gn/T/vscode-typescript/tscancellation-5bf2fdb304ed1b8596ff.tmp* --logVerbosity verbose --logFile /Users/johng/Library/Application Support/Code/logs/20190217T155631/exthost4/vscode.typescript-language-features/tsserver-log-j7WYVa/tsserver.log --locale en --noGetErrOnBackgroundUpdate
Info 3    [16:44:49.548] Platform: darwin NodeVersion: 10 CaseSensitive: false
Info 4    [16:44:49.552] Binding...
Info 5    [16:44:49.560] request:
    {"seq":0,"type":"request","command":"configure","arguments":{"hostInfo":"vscode","preferences":{"providePrefixAndSuffixTextForRename":true,"allowRenameOfImportPath":true}}}
Info 6    [16:44:49.561] Host information vscode
Info 7    [16:44:49.561] response:
    {"seq":0,"type":"response","command":"configure","request_seq":0,"success":true}
Perf 8    [16:44:49.562] 0::configure: async elapsed time (in milliseconds) 1.9015
Info 9    [16:44:49.562] request:
    {"seq":1,"type":"request","command":"compilerOptionsForInferredProjects","arguments":{"options":{"module":"commonjs","target":"es2016","jsx":"preserve","allowJs":true,"allowSyntheticDefaultImports":true,"allowNonTsExtensions":true}}}
Info 10   [16:44:49.563] Scheduled: *ensureProjectForOpenFiles*
Perf 11   [16:44:49.563] 1::compilerOptionsForInferredProjects: elapsed time (in milliseconds) 1.0470
Info 12   [16:44:49.563] response:
    {"seq":0,"type":"response","command":"compilerOptionsForInferredProjects","request_seq":1,"success":true,"body":true}
Info 13   [16:44:49.563] request:
    {"seq":2,"type":"request","command":"open","arguments":{"file":"/Users/johng/dev/typescript-bug/index.tsx","fileContent":"import * as React from \"react\";\nimport { animated } from \"animated\";\n\nexport interface BaseProps {}\n\nexport interface UpgradeProps {\n  show: boolean;\n}\n\nexport function test<P extends BaseProps>(\n  component: React.ComponentType<P> | keyof React.ReactHTML\n): React.ComponentType<P & UpgradeProps> {\n  type OwnProps = P & UpgradeProps;\n  const Comp =\n    typeof component === \"string\" ? animated[component] : animated(component);\n\n  return React.forwardRef<any, OwnProps>((props, ref) => {\n    const { show, ...ownProps } = props;\n    return show ? <Comp {...ownProps} ref={ref} /> : null;\n  });\n}\n","scriptKindName":"TSX","projectRootPath":"/Users/johng/dev/typescript-bug"}}
Info 14   [16:44:49.565] Search path: /Users/johng/dev/typescript-bug
Info 15   [16:44:49.565] ConfigFilePresence:: Current Watches: :: File: /Users/johng/dev/typescript-bug/tsconfig.json Currently impacted open files: RootsOfInferredProjects:  OtherOpenFiles: /Users/johng/dev/typescript-bug/index.tsx Status: File added to open files impacted by this config file
Info 16   [16:44:49.565] For info: /Users/johng/dev/typescript-bug/index.tsx :: Config file name: /Users/johng/dev/typescript-bug/tsconfig.json
Info 17   [16:44:49.566] Opened configuration file /Users/johng/dev/typescript-bug/tsconfig.json
Info 18   [16:44:49.568] FileWatcher:: Added:: WatchInfo: /Users/johng/dev/typescript-bug/tsconfig.json 2000 Project: /Users/johng/dev/typescript-bug/tsconfig.json WatchType: Config file
Info 19   [16:44:49.569] event:
    {"seq":0,"type":"event","event":"projectLoadingStart","body":{"projectName":"/Users/johng/dev/typescript-bug/tsconfig.json","reason":"Creating possible configured project for /Users/johng/dev/typescript-bug/index.tsx to open"}}
Info 20   [16:44:49.584] DirectoryWatcher:: Added:: WatchInfo: /users/johng/dev/typescript-bug 1 Project: /Users/johng/dev/typescript-bug/tsconfig.json WatchType: Wild card directory
Info 21   [16:44:49.586] Elapsed:: 2ms DirectoryWatcher:: Added:: WatchInfo: /users/johng/dev/typescript-bug 1 Project: /Users/johng/dev/typescript-bug/tsconfig.json WatchType: Wild card directory
Info 22   [16:44:49.588] FileWatcher:: Added:: WatchInfo: /Users/johng/dev/typescript-bug/animated.d.ts 500 Project:  WatchType: Closed Script info
Info 23   [16:44:49.597] Starting updateGraphWorker: Project: /Users/johng/dev/typescript-bug/tsconfig.json
Info 24   [16:44:49.622] DirectoryWatcher:: Added:: WatchInfo: /users/johng/dev/typescript-bug/node_modules 1 Project:  WatchType: node_modules for closed script infos in them
Info 25   [16:44:49.622] Elapsed:: 0ms DirectoryWatcher:: Added:: WatchInfo: /users/johng/dev/typescript-bug/node_modules 1 Project:  WatchType: node_modules for closed script infos in them
Info 26   [16:44:49.924] DirectoryWatcher:: Added:: WatchInfo: /users/johng/applications/visual studio code.app/contents/resources/app/extensions/node_modules 1 Project:  WatchType: node_modules for closed script infos in them
Info 27   [16:44:49.924] Elapsed:: 0ms DirectoryWatcher:: Added:: WatchInfo: /users/johng/applications/visual studio code.app/contents/resources/app/extensions/node_modules 1 Project:  WatchType: node_modules for closed script infos in them
Info 28   [16:44:50.359] DirectoryWatcher:: Added:: WatchInfo: /Users/johng/dev/typescript-bug/node_modules 1 Project: /Users/johng/dev/typescript-bug/tsconfig.json WatchType: Failed Lookup Locations
Info 29   [16:44:50.359] Elapsed:: 0ms DirectoryWatcher:: Added:: WatchInfo: /Users/johng/dev/typescript-bug/node_modules 1 Project: /Users/johng/dev/typescript-bug/tsconfig.json WatchType: Failed Lookup Locations
Info 30   [16:44:50.362] DirectoryWatcher:: Added:: WatchInfo: /Users/johng/dev/typescript-bug/node_modules/@types 1 Project: /Users/johng/dev/typescript-bug/tsconfig.json WatchType: Type roots
Info 31   [16:44:50.362] Elapsed:: 0ms DirectoryWatcher:: Added:: WatchInfo: /Users/johng/dev/typescript-bug/node_modules/@types 1 Project: /Users/johng/dev/typescript-bug/tsconfig.json WatchType: Type roots
Info 32   [16:44:50.362] Finishing updateGraphWorker: Project: /Users/johng/dev/typescript-bug/tsconfig.json Version: 1 structureChanged: true Elapsed: 765ms
Info 33   [16:44:50.363] event:
    {"seq":0,"type":"event","event":"projectLoadingFinish","body":{"projectName":"/Users/johng/dev/typescript-bug/tsconfig.json"}}
Info 34   [16:44:50.365] event:
    {"seq":0,"type":"event","event":"telemetry","body":{"telemetryEventName":"projectInfo","payload":{"projectId":"4cda08fe77e1dde92254e4fc34bcc4e53f9fff7f51de31b49d926507d925e507","fileStats":{"js":0,"jsSize":0,"jsx":0,"jsxSize":0,"ts":0,"tsSize":0,"tsx":1,"tsxSize":597,"dts":13,"dtsSize":2361302,"deferred":0,"deferredSize":0},"compilerOptions":{"importHelpers":true,"jsx":"react","lib":["dom","es5","es2015.collection","es2015.iterable","es2015.promise","es2015.symbol"],"module":"commonjs","moduleResolution":"node","noImplicitReturns":true,"noUnusedLocals":true,"noUnusedParameters":true,"preserveConstEnums":true,"preserveSymlinks":true,"removeComments":false,"skipLibCheck":true,"sourceMap":true,"strict":true,"target":"es5"},"typeAcquisition":{"enable":false,"include":false,"exclude":false},"extends":false,"files":false,"include":false,"exclude":false,"compileOnSave":false,"configFileName":"tsconfig.json","projectType":"configured","languageServiceEnabled":true,"version":"3.3.1"}}}
Info 35   [16:44:50.369] event:
    {"seq":0,"type":"event","event":"configFileDiag","body":{"triggerFile":"/Users/johng/dev/typescript-bug/index.tsx","configFile":"/Users/johng/dev/typescript-bug/tsconfig.json","diagnostics":[]}}
Info 36   [16:44:50.370] Project '/Users/johng/dev/typescript-bug/tsconfig.json' (Configured) 0
Info 36   [16:44:50.370] 	Files (14)
	/Users/johng/Applications/Visual Studio Code.app/Contents/Resources/app/extensions/node_modules/typescript/lib/lib.es5.d.ts
	/Users/johng/Applications/Visual Studio Code.app/Contents/Resources/app/extensions/node_modules/typescript/lib/lib.dom.d.ts
	/Users/johng/Applications/Visual Studio Code.app/Contents/Resources/app/extensions/node_modules/typescript/lib/lib.es2015.collection.d.ts
	/Users/johng/Applications/Visual Studio Code.app/Contents/Resources/app/extensions/node_modules/typescript/lib/lib.es2015.iterable.d.ts
	/Users/johng/Applications/Visual Studio Code.app/Contents/Resources/app/extensions/node_modules/typescript/lib/lib.es2015.promise.d.ts
	/Users/johng/Applications/Visual Studio Code.app/Contents/Resources/app/extensions/node_modules/typescript/lib/lib.es2015.symbol.d.ts
	/Users/johng/dev/typescript-bug/node_modules/@types/react/global.d.ts
	/Users/johng/dev/typescript-bug/node_modules/csstype/index.d.ts
	/Users/johng/dev/typescript-bug/node_modules/@types/prop-types/index.d.ts
	/Users/johng/dev/typescript-bug/node_modules/@types/react/index.d.ts
	/Users/johng/dev/typescript-bug/animated.d.ts
	/Users/johng/dev/typescript-bug/node_modules/tslib/tslib.d.ts
	/Users/johng/dev/typescript-bug/index.tsx
	/Users/johng/dev/typescript-bug/node_modules/@types/react-dom/index.d.ts

Info 36   [16:44:50.370] -----------------------------------------------
Info 36   [16:44:50.370] Open files: 
Info 36   [16:44:50.370] 	FileName: /Users/johng/dev/typescript-bug/index.tsx ProjectRootPath: /Users/johng/dev/typescript-bug
Info 36   [16:44:50.370] 		Projects: /Users/johng/dev/typescript-bug/tsconfig.json
Perf 36   [16:44:50.370] 2::open: async elapsed time (in milliseconds) 806.8523
Info 37   [16:44:50.371] event:
    {"seq":0,"type":"event","event":"typingsInstallerPid","body":{"pid":88593}}
Info 38   [16:44:50.371] Running: *ensureProjectForOpenFiles*
Info 39   [16:44:50.371] Structure before ensureProjectForOpenFiles:
Info 40   [16:44:50.371] Project '/Users/johng/dev/typescript-bug/tsconfig.json' (Configured) 0
Info 40   [16:44:50.371] 	Files (14)
	/Users/johng/Applications/Visual Studio Code.app/Contents/Resources/app/extensions/node_modules/typescript/lib/lib.es5.d.ts
	/Users/johng/Applications/Visual Studio Code.app/Contents/Resources/app/extensions/node_modules/typescript/lib/lib.dom.d.ts
	/Users/johng/Applications/Visual Studio Code.app/Contents/Resources/app/extensions/node_modules/typescript/lib/lib.es2015.collection.d.ts
	/Users/johng/Applications/Visual Studio Code.app/Contents/Resources/app/extensions/node_modules/typescript/lib/lib.es2015.iterable.d.ts
	/Users/johng/Applications/Visual Studio Code.app/Contents/Resources/app/extensions/node_modules/typescript/lib/lib.es2015.promise.d.ts
	/Users/johng/Applications/Visual Studio Code.app/Contents/Resources/app/extensions/node_modules/typescript/lib/lib.es2015.symbol.d.ts
	/Users/johng/dev/typescript-bug/node_modules/@types/react/global.d.ts
	/Users/johng/dev/typescript-bug/node_modules/csstype/index.d.ts
	/Users/johng/dev/typescript-bug/node_modules/@types/prop-types/index.d.ts
	/Users/johng/dev/typescript-bug/node_modules/@types/react/index.d.ts
	/Users/johng/dev/typescript-bug/animated.d.ts
	/Users/johng/dev/typescript-bug/node_modules/tslib/tslib.d.ts
	/Users/johng/dev/typescript-bug/index.tsx
	/Users/johng/dev/typescript-bug/node_modules/@types/react-dom/index.d.ts

Info 40   [16:44:50.371] -----------------------------------------------
Info 40   [16:44:50.371] Open files: 
Info 40   [16:44:50.371] 	FileName: /Users/johng/dev/typescript-bug/index.tsx ProjectRootPath: /Users/johng/dev/typescript-bug
Info 40   [16:44:50.372] 		Projects: /Users/johng/dev/typescript-bug/tsconfig.json
Info 40   [16:44:50.372] Structure after ensureProjectForOpenFiles:
Info 41   [16:44:50.372] Project '/Users/johng/dev/typescript-bug/tsconfig.json' (Configured) 0
Info 41   [16:44:50.372] 	Files (14)
	/Users/johng/Applications/Visual Studio Code.app/Contents/Resources/app/extensions/node_modules/typescript/lib/lib.es5.d.ts
	/Users/johng/Applications/Visual Studio Code.app/Contents/Resources/app/extensions/node_modules/typescript/lib/lib.dom.d.ts
	/Users/johng/Applications/Visual Studio Code.app/Contents/Resources/app/extensions/node_modules/typescript/lib/lib.es2015.collection.d.ts
	/Users/johng/Applications/Visual Studio Code.app/Contents/Resources/app/extensions/node_modules/typescript/lib/lib.es2015.iterable.d.ts
	/Users/johng/Applications/Visual Studio Code.app/Contents/Resources/app/extensions/node_modules/typescript/lib/lib.es2015.promise.d.ts
	/Users/johng/Applications/Visual Studio Code.app/Contents/Resources/app/extensions/node_modules/typescript/lib/lib.es2015.symbol.d.ts
	/Users/johng/dev/typescript-bug/node_modules/@types/react/global.d.ts
	/Users/johng/dev/typescript-bug/node_modules/csstype/index.d.ts
	/Users/johng/dev/typescript-bug/node_modules/@types/prop-types/index.d.ts
	/Users/johng/dev/typescript-bug/node_modules/@types/react/index.d.ts
	/Users/johng/dev/typescript-bug/animated.d.ts
	/Users/johng/dev/typescript-bug/node_modules/tslib/tslib.d.ts
	/Users/johng/dev/typescript-bug/index.tsx
	/Users/johng/dev/typescript-bug/node_modules/@types/react-dom/index.d.ts

Info 41   [16:44:50.372] -----------------------------------------------
Info 41   [16:44:50.372] Open files: 
Info 41   [16:44:50.372] 	FileName: /Users/johng/dev/typescript-bug/index.tsx ProjectRootPath: /Users/johng/dev/typescript-bug
Info 41   [16:44:50.372] 		Projects: /Users/johng/dev/typescript-bug/tsconfig.json
Info 41   [16:44:50.372] got projects updated in background, updating diagnostics for /Users/johng/dev/typescript-bug/index.tsx
Info 42   [16:44:50.372] event:
    {"seq":0,"type":"event","event":"projectsUpdatedInBackground","body":{"openFiles":["/Users/johng/dev/typescript-bug/index.tsx"]}}
Info 43   [16:44:50.372] request:
    {"seq":3,"type":"request","command":"open","arguments":{"file":"/Users/johng/dev/typescript-bug/node_modules/react-spring/web.d.ts","fileContent":"import { CSSProperties, RefObject } from 'react'\nimport {\n  SpringConfig,\n  SpringBaseProps,\n  TransitionKeyProps,\n  State,\n} from './renderprops-universal'\nexport { SpringConfig, SpringBaseProps, TransitionKeyProps, State }\n\nexport { config, interpolate } from './renderprops-universal'\n// hooks are currently web-only\nexport { animated } from './renderprops'\n\n/** List from `function getForwardProps` in `src/shared/helpers` */\ntype ExcludedProps =\n  | 'to'\n  | 'from'\n  | 'config'\n  | 'onStart'\n  | 'onRest'\n  | 'onFrame'\n  | 'children'\n  | 'reset'\n  | 'reverse'\n  | 'force'\n  | 'immediate'\n  | 'delay'\n  | 'attach'\n  | 'destroyed'\n  | 'interpolateTo'\n  | 'ref'\n  | 'lazy'\n\n// The config options for an interoplation. It maps out from in \"in\" type\n// to an \"out\" type.\nexport type InterpolationConfig<T, U = T> = {\n  range: T[]\n  output: U[]\n}\n\n// The InterpolationChain is either a function that takes a config object\n// and returns the next chainable type or it is a function that takes in params\n// and maps out to another InterpolationChain.\nexport interface InterpolationChain<T> {\n  <U>(config: InterpolationConfig<T, U>): OpaqueInterpolation<U>\n  <U>(interpolator: (params: T) => U): OpaqueInterpolation<U>\n}\n\n// The opaque interpolation masks as its original type but provides to helpers\n// for chaining the interpolate method and getting its raw value.\nexport type OpaqueInterpolation<T> = {\n  interpolate: InterpolationChain<T>\n  getValue: () => T\n} & T\n\n// Map all keys to our OpaqueInterpolation type which can either be interpreted\n// as its initial value by \"animated.{tag}\" or chained with interpolations.\nexport type AnimatedValue<T extends object> = {\n  [P in keyof T]: OpaqueInterpolation<T[P]>\n}\n\n// Make ForwardedProps chainable with interpolate / make it an animated value.\nexport type ForwardedProps<T> = Pick<T, Exclude<keyof T, ExcludedProps>>\n\n// NOTE: because of the Partial, this makes a weak type, which can have excess props\ntype InferFrom<T extends object> = T extends { to: infer TTo }\n  ? Partial<TTo>\n  : Partial<ForwardedProps<T>>\n\n// This is similar to \"Omit<A, keyof B> & B\",\n//  but with a delayed evaluation that still allows A to be inferrable\ntype Merge<A, B> = { [K in keyof A]: K extends keyof B ? B[K] : A[K] } & B\n\nexport type SetUpdateFn<DS extends object> = (\n  ds: Pick<DS, Exclude<keyof DS, ExcludedProps>>\n) => void\n\n// The hooks do emulate React's 'ref' by accepting { ref?: React.RefObject<Controller> } and\n// updating it. However, there are no types for Controller, and I assume it is intentionally so.\n// This is a partial interface for Controller that has only the properties needed for useChain to work.\nexport interface ReactSpringHook {\n  start(): void\n  stop(): void\n}\n\nexport function useChain(refs: ReadonlyArray<RefObject<ReactSpringHook>>): void\n// this looks like it can just be a single overload, but we don't want to allow\n// timeFrame to be specifiable when timeSteps is explicitly \"undefined\"\nexport function useChain(\n  refs: ReadonlyArray<RefObject<ReactSpringHook>>,\n  timeSteps: number[],\n  timeFrame?: number\n): void\n\nexport interface HooksBaseProps\n  extends Pick<SpringBaseProps, Exclude<keyof SpringBaseProps, 'config'>> {\n  /**\n   * Will skip rendering the component if true and write to the dom directly.\n   * @default true\n   * @deprecated\n   */\n  native?: never\n  // there is an undocumented onKeyframesHalt which passes the controller instance,\n  // so it also cannot be typed unless Controller types are written\n  ref?: React.RefObject<ReactSpringHook>\n}\n\nexport interface UseSpringBaseProps extends HooksBaseProps {\n  config?: SpringBaseProps['config']\n}\n\nexport type UseSpringProps<DS extends object> = Merge<\n  DS & UseSpringBaseProps,\n  {\n    from?: InferFrom<DS>\n    /**\n     * Callback when the animation comes to a still-stand\n     */\n    onRest?(ds: InferFrom<DS>): void\n  }\n>\n\n// there's a third value in the tuple but it's not public API (?)\nexport function useSpring<DS extends CSSProperties>(\n  values: UseSpringProps<DS & CSSProperties>\n): ForwardedProps<DS>\nexport function useSpring<DS extends CSSProperties>(\n  getProps: () => UseSpringProps<DS & CSSProperties>\n): [ForwardedProps<DS>, SetUpdateFn<DS>]\nexport function useSpring<DS extends object>(\n  getProps: () => UseSpringProps<DS>\n): [AnimatedValue<ForwardedProps<DS>>, SetUpdateFn<DS>]\nexport function useSpring<DS extends object>(\n  values: UseSpringProps<DS>\n): AnimatedValue<ForwardedProps<DS>>\n\n// there's a third value in the tuple but it's not public API (?)\nexport function useSprings<TItem, DS extends CSSProperties>(\n  count: number,\n  items: ReadonlyArray<TItem>,\n): ForwardedProps<DS>[] // safe to modify (result of .map)\nexport function useSprings<DS extends object>(\n  count: number,\n  getProps: () => UseSpringProps<DS>\n): [AnimatedValue<ForwardedProps<DS>>[], SetUpdateFn<DS>]\n\n// there's a third value in the tuple but it's not public API (?)\nexport function useTrail<DS extends CSSProperties>(\n  count: number,\n  getProps: () => UseSpringProps<DS & CSSProperties>\n): [ForwardedProps<DS>[], SetUpdateFn<DS>]\nexport function useTrail<DS extends CSSProperties>(\n  count: number,\n  values: UseSpringProps<DS & CSSProperties>\n): ForwardedProps<DS>[] // safe to modify (result of .map)\nexport function useTrail<DS extends object>(\n  count: number,\n  getProps: () => UseSpringProps<DS>\n): [AnimatedValue<ForwardedProps<DS>>[], SetUpdateFn<DS>]\nexport function useTrail<DS extends object>(\n  count: number,\n  values: UseSpringProps<DS>\n): AnimatedValue<ForwardedProps<DS>>[] // safe to modify (result of .map)\n\nexport interface UseTransitionProps<TItem, DS extends object>\n  extends HooksBaseProps {\n  /**\n   * Spring config, or for individual items: fn(item => config)\n   * @default config.default\n   */\n  config?: SpringConfig | ((item: TItem) => SpringConfig)\n\n  /**\n   * When true enforces that an item can only occur once instead of allowing two or more items with the same key to co-exist in a stack\n   * @default false\n   */\n  unique?: boolean\n  /**\n   * Trailing delay in ms\n   */\n  trail?: number\n\n  from?: InferFrom<DS> | ((item: TItem) => InferFrom<DS>)\n  /**\n   * Values that apply to new elements, or: item => values\n   * @default {}\n   */\n  enter?: InferFrom<DS> | ((item: TItem) => InferFrom<DS>)\n  /**\n   * Values that apply to leaving elements, or: item => values\n   * @default {}\n   */\n  leave?: InferFrom<DS> | ((item: TItem) => InferFrom<DS>)\n  /**\n   * Values that apply to elements that are neither entering nor leaving (you can use this to update present elements), or: item => values\n   */\n  update?: InferFrom<DS> | ((item: TItem) => InferFrom<DS>)\n}\n\nexport interface UseTransitionResult<TItem, DS extends object> {\n  item: TItem\n  key: string\n  state: State\n  props: AnimatedValue<ForwardedProps<DS>>\n}\n\nexport function useTransition<TItem, DS extends CSSProperties>(\n  items: ReadonlyArray<TItem> | TItem | null | undefined,\n  keys:\n    | ((item: TItem) => TransitionKeyProps)\n    | ReadonlyArray<TransitionKeyProps>\n    | TransitionKeyProps\n    | null,\n  values: Merge<DS & CSSProperties, UseTransitionProps<TItem, DS>>\n): UseTransitionResult<TItem, ForwardedProps<DS>>[] // result array is safe to modify\nexport function useTransition<TItem, DS extends object>(\n  items: ReadonlyArray<TItem> | TItem | null | undefined,\n  keys:\n    | ((item: TItem) => TransitionKeyProps)\n    | ReadonlyArray<TransitionKeyProps>\n    | TransitionKeyProps           \n    | null,\n  values: Merge<DS, UseTransitionProps<TItem, DS>>\n): UseTransitionResult<TItem, AnimatedValue<ForwardedProps<DS>>>[] // result array is safe to modify\n","scriptKindName":"TS","projectRootPath":"/Users/johng/dev/typescript-bug"}}
Info 44   [16:44:50.373] Search path: /Users/johng/dev/typescript-bug/node_modules/react-spring
Info 45   [16:44:50.373] ConfigFilePresence:: Current Watches: :: File: /Users/johng/dev/typescript-bug/node_modules/react-spring/tsconfig.json Currently impacted open files: RootsOfInferredProjects:  OtherOpenFiles: /Users/johng/dev/typescript-bug/node_modules/react-spring/web.d.ts Status: File added to open files impacted by this config file
Info 46   [16:44:50.373] ConfigFilePresence:: Current Watches: :: File: /Users/johng/dev/typescript-bug/node_modules/react-spring/jsconfig.json Currently impacted open files: RootsOfInferredProjects:  OtherOpenFiles: /Users/johng/dev/typescript-bug/node_modules/react-spring/web.d.ts Status: File added to open files impacted by this config file
Info 47   [16:44:50.373] ConfigFilePresence:: Current Watches: :: File: /Users/johng/dev/typescript-bug/node_modules/tsconfig.json Currently impacted open files: RootsOfInferredProjects:  OtherOpenFiles: /Users/johng/dev/typescript-bug/node_modules/react-spring/web.d.ts Status: File added to open files impacted by this config file
Info 48   [16:44:50.373] ConfigFilePresence:: Current Watches: :: File: /Users/johng/dev/typescript-bug/node_modules/jsconfig.json Currently impacted open files: RootsOfInferredProjects:  OtherOpenFiles: /Users/johng/dev/typescript-bug/node_modules/react-spring/web.d.ts Status: File added to open files impacted by this config file
Info 49   [16:44:50.373] ConfigFilePresence:: Current Watches: Config file:: File: /Users/johng/dev/typescript-bug/tsconfig.json Currently impacted open files: RootsOfInferredProjects:  OtherOpenFiles: /Users/johng/dev/typescript-bug/index.tsx,/Users/johng/dev/typescript-bug/node_modules/react-spring/web.d.ts Status: File added to open files impacted by this config file
Info 50   [16:44:50.373] For info: /Users/johng/dev/typescript-bug/node_modules/react-spring/web.d.ts :: Config file name: /Users/johng/dev/typescript-bug/tsconfig.json
Info 51   [16:44:50.374] ConfigFilePresence:: Current Watches: :: File: /Users/johng/dev/typescript-bug/node_modules/react-spring/tsconfig.json Currently impacted open files: RootsOfInferredProjects: /Users/johng/dev/typescript-bug/node_modules/react-spring/web.d.ts OtherOpenFiles:  Status: Open file was set as Inferred root
Info 52   [16:44:50.374] FileWatcher:: Added:: WatchInfo: /Users/johng/dev/typescript-bug/node_modules/react-spring/tsconfig.json 2000 Project:  WatchType: Config file for the inferred project root
Info 53   [16:44:50.374] ConfigFilePresence:: Current Watches: Config file for the inferred project root:: File: /Users/johng/dev/typescript-bug/node_modules/react-spring/tsconfig.json Currently impacted open files: RootsOfInferredProjects: /Users/johng/dev/typescript-bug/node_modules/react-spring/web.d.ts OtherOpenFiles:  Status: Updated the callback
Info 54   [16:44:50.374] ConfigFilePresence:: Current Watches: :: File: /Users/johng/dev/typescript-bug/node_modules/react-spring/jsconfig.json Currently impacted open files: RootsOfInferredProjects: /Users/johng/dev/typescript-bug/node_modules/react-spring/web.d.ts OtherOpenFiles:  Status: Open file was set as Inferred root
Info 55   [16:44:50.374] FileWatcher:: Added:: WatchInfo: /Users/johng/dev/typescript-bug/node_modules/react-spring/jsconfig.json 2000 Project:  WatchType: Config file for the inferred project root
Info 56   [16:44:50.374] ConfigFilePresence:: Current Watches: Config file for the inferred project root:: File: /Users/johng/dev/typescript-bug/node_modules/react-spring/jsconfig.json Currently impacted open files: RootsOfInferredProjects: /Users/johng/dev/typescript-bug/node_modules/react-spring/web.d.ts OtherOpenFiles:  Status: Updated the callback
Info 57   [16:44:50.375] ConfigFilePresence:: Current Watches: :: File: /Users/johng/dev/typescript-bug/node_modules/tsconfig.json Currently impacted open files: RootsOfInferredProjects: /Users/johng/dev/typescript-bug/node_modules/react-spring/web.d.ts OtherOpenFiles:  Status: Open file was set as Inferred root
Info 58   [16:44:50.375] FileWatcher:: Added:: WatchInfo: /Users/johng/dev/typescript-bug/node_modules/tsconfig.json 2000 Project:  WatchType: Config file for the inferred project root
Info 59   [16:44:50.375] ConfigFilePresence:: Current Watches: Config file for the inferred project root:: File: /Users/johng/dev/typescript-bug/node_modules/tsconfig.json Currently impacted open files: RootsOfInferredProjects: /Users/johng/dev/typescript-bug/node_modules/react-spring/web.d.ts OtherOpenFiles:  Status: Updated the callback
Info 60   [16:44:50.375] ConfigFilePresence:: Current Watches: :: File: /Users/johng/dev/typescript-bug/node_modules/jsconfig.json Currently impacted open files: RootsOfInferredProjects: /Users/johng/dev/typescript-bug/node_modules/react-spring/web.d.ts OtherOpenFiles:  Status: Open file was set as Inferred root
Info 61   [16:44:50.375] FileWatcher:: Added:: WatchInfo: /Users/johng/dev/typescript-bug/node_modules/jsconfig.json 2000 Project:  WatchType: Config file for the inferred project root
Info 62   [16:44:50.375] ConfigFilePresence:: Current Watches: Config file for the inferred project root:: File: /Users/johng/dev/typescript-bug/node_modules/jsconfig.json Currently impacted open files: RootsOfInferredProjects: /Users/johng/dev/typescript-bug/node_modules/react-spring/web.d.ts OtherOpenFiles:  Status: Updated the callback
Info 63   [16:44:50.375] ConfigFilePresence:: Current Watches: Config file:: File: /Users/johng/dev/typescript-bug/tsconfig.json Currently impacted open files: RootsOfInferredProjects: /Users/johng/dev/typescript-bug/node_modules/react-spring/web.d.ts OtherOpenFiles: /Users/johng/dev/typescript-bug/index.tsx Status: Open file was set as Inferred root
Info 64   [16:44:50.375] ConfigFilePresence:: Current Watches: :: File: /Users/johng/dev/typescript-bug/jsconfig.json Currently impacted open files: RootsOfInferredProjects: /Users/johng/dev/typescript-bug/node_modules/react-spring/web.d.ts OtherOpenFiles:  Status: Open file was set as Inferred root
Info 65   [16:44:50.375] FileWatcher:: Added:: WatchInfo: /Users/johng/dev/typescript-bug/jsconfig.json 2000 Project:  WatchType: Config file for the inferred project root
Info 66   [16:44:50.375] ConfigFilePresence:: Current Watches: Config file for the inferred project root:: File: /Users/johng/dev/typescript-bug/jsconfig.json Currently impacted open files: RootsOfInferredProjects: /Users/johng/dev/typescript-bug/node_modules/react-spring/web.d.ts OtherOpenFiles:  Status: Updated the callback
Info 67   [16:44:50.375] Starting updateGraphWorker: Project: /dev/null/inferredProject1*
Info 68   [16:44:50.393] DirectoryWatcher:: Added:: WatchInfo: /Users/johng/dev/typescript-bug/node_modules 1 Project: /dev/null/inferredProject1* WatchType: Failed Lookup Locations
Info 69   [16:44:50.393] Elapsed:: 0ms DirectoryWatcher:: Added:: WatchInfo: /Users/johng/dev/typescript-bug/node_modules 1 Project: /dev/null/inferredProject1* WatchType: Failed Lookup Locations
Info 70   [16:44:51.40] DirectoryWatcher:: Added:: WatchInfo: /Users/johng/dev/typescript-bug/node_modules/@types 1 Project: /dev/null/inferredProject1* WatchType: Type roots
Info 71   [16:44:51.40] Elapsed:: 0ms DirectoryWatcher:: Added:: WatchInfo: /Users/johng/dev/typescript-bug/node_modules/@types 1 Project: /dev/null/inferredProject1* WatchType: Type roots
Info 72   [16:44:51.41] Finishing updateGraphWorker: Project: /dev/null/inferredProject1* Version: 1 structureChanged: true Elapsed: 666ms
Info 73   [16:44:51.42] Scheduling throttled operation:
    {"projectName":"/dev/null/inferredProject1*","fileNames":["/Users/johng/Applications/Visual Studio Code.app/Contents/Resources/app/extensions/node_modules/typescript/lib/lib.es5.d.ts","/Users/johng/Applications/Visual Studio Code.app/Contents/Resources/app/extensions/node_modules/typescript/lib/lib.es2015.d.ts","/Users/johng/Applications/Visual Studio Code.app/Contents/Resources/app/extensions/node_modules/typescript/lib/lib.es2016.d.ts","/Users/johng/Applications/Visual Studio Code.app/Contents/Resources/app/extensions/node_modules/typescript/lib/lib.dom.d.ts","/Users/johng/Applications/Visual Studio Code.app/Contents/Resources/app/extensions/node_modules/typescript/lib/lib.dom.iterable.d.ts","/Users/johng/Applications/Visual Studio Code.app/Contents/Resources/app/extensions/node_modules/typescript/lib/lib.webworker.importscripts.d.ts","/Users/johng/Applications/Visual Studio Code.app/Contents/Resources/app/extensions/node_modules/typescript/lib/lib.scripthost.d.ts","/Users/johng/Applications/Visual Studio Code.app/Contents/Resources/app/extensions/node_modules/typescript/lib/lib.es2015.core.d.ts","/Users/johng/Applications/Visual Studio Code.app/Contents/Resources/app/extensions/node_modules/typescript/lib/lib.es2015.collection.d.ts","/Users/johng/Applications/Visual Studio Code.app/Contents/Resources/app/extensions/node_modules/typescript/lib/lib.es2015.generator.d.ts","/Users/johng/Applications/Visual Studio Code.app/Contents/Resources/app/extensions/node_modules/typescript/lib/lib.es2015.iterable.d.ts","/Users/johng/Applications/Visual Studio Code.app/Contents/Resources/app/extensions/node_modules/typescript/lib/lib.es2015.promise.d.ts","/Users/johng/Applications/Visual Studio Code.app/Contents/Resources/app/extensions/node_modules/typescript/lib/lib.es2015.proxy.d.ts","/Users/johng/Applications/Visual Studio Code.app/Contents/Resources/app/extensions/node_modules/typescript/lib/lib.es2015.reflect.d.ts","/Users/johng/Applications/Visual Studio Code.app/Contents/Resources/app/extensions/node_modules/typescript/lib/lib.es2015.symbol.d.ts","/Users/johng/Applications/Visual Studio Code.app/Contents/Resources/app/extensions/node_modules/typescript/lib/lib.es2015.symbol.wellknown.d.ts","/Users/johng/Applications/Visual Studio Code.app/Contents/Resources/app/extensions/node_modules/typescript/lib/lib.es2016.array.include.d.ts","/Users/johng/Applications/Visual Studio Code.app/Contents/Resources/app/extensions/node_modules/typescript/lib/lib.es2016.full.d.ts","/Users/johng/dev/typescript-bug/node_modules/react-spring/web.d.ts"],"compilerOptions":{"module":1,"target":3,"jsx":1,"allowJs":true,"allowSyntheticDefaultImports":true,"allowNonTsExtensions":true,"noEmitForJsFiles":true},"typeAcquisition":{"enable":true,"include":[],"exclude":[]},"unresolvedImports":[],"projectRootPath":"/Users/johng/dev/typescript-bug","kind":"discover"}
Info 74   [16:44:51.42] Scheduling request for: /dev/null/inferredProject1*
Info 75   [16:44:51.42] Project '/Users/johng/dev/typescript-bug/tsconfig.json' (Configured) 0
Info 75   [16:44:51.43] 	Files (14)
	/Users/johng/Applications/Visual Studio Code.app/Contents/Resources/app/extensions/node_modules/typescript/lib/lib.es5.d.ts
	/Users/johng/Applications/Visual Studio Code.app/Contents/Resources/app/extensions/node_modules/typescript/lib/lib.dom.d.ts
	/Users/johng/Applications/Visual Studio Code.app/Contents/Resources/app/extensions/node_modules/typescript/lib/lib.es2015.collection.d.ts
	/Users/johng/Applications/Visual Studio Code.app/Contents/Resources/app/extensions/node_modules/typescript/lib/lib.es2015.iterable.d.ts
	/Users/johng/Applications/Visual Studio Code.app/Contents/Resources/app/extensions/node_modules/typescript/lib/lib.es2015.promise.d.ts
	/Users/johng/Applications/Visual Studio Code.app/Contents/Resources/app/extensions/node_modules/typescript/lib/lib.es2015.symbol.d.ts
	/Users/johng/dev/typescript-bug/node_modules/@types/react/global.d.ts
	/Users/johng/dev/typescript-bug/node_modules/csstype/index.d.ts
	/Users/johng/dev/typescript-bug/node_modules/@types/prop-types/index.d.ts
	/Users/johng/dev/typescript-bug/node_modules/@types/react/index.d.ts
	/Users/johng/dev/typescript-bug/animated.d.ts
	/Users/johng/dev/typescript-bug/node_modules/tslib/tslib.d.ts
	/Users/johng/dev/typescript-bug/index.tsx
	/Users/johng/dev/typescript-bug/node_modules/@types/react-dom/index.d.ts

Info 75   [16:44:51.43] -----------------------------------------------
Info 75   [16:44:51.43] Project '/dev/null/inferredProject1*' (Inferred) 1
Info 75   [16:44:51.43] 	Files (26)
	/Users/johng/Applications/Visual Studio Code.app/Contents/Resources/app/extensions/node_modules/typescript/lib/lib.es5.d.ts
	/Users/johng/Applications/Visual Studio Code.app/Contents/Resources/app/extensions/node_modules/typescript/lib/lib.es2015.d.ts
	/Users/johng/Applications/Visual Studio Code.app/Contents/Resources/app/extensions/node_modules/typescript/lib/lib.es2016.d.ts
	/Users/johng/Applications/Visual Studio Code.app/Contents/Resources/app/extensions/node_modules/typescript/lib/lib.dom.d.ts
	/Users/johng/Applications/Visual Studio Code.app/Contents/Resources/app/extensions/node_modules/typescript/lib/lib.dom.iterable.d.ts
	/Users/johng/Applications/Visual Studio Code.app/Contents/Resources/app/extensions/node_modules/typescript/lib/lib.webworker.importscripts.d.ts
	/Users/johng/Applications/Visual Studio Code.app/Contents/Resources/app/extensions/node_modules/typescript/lib/lib.scripthost.d.ts
	/Users/johng/Applications/Visual Studio Code.app/Contents/Resources/app/extensions/node_modules/typescript/lib/lib.es2015.core.d.ts
	/Users/johng/Applications/Visual Studio Code.app/Contents/Resources/app/extensions/node_modules/typescript/lib/lib.es2015.collection.d.ts
	/Users/johng/Applications/Visual Studio Code.app/Contents/Resources/app/extensions/node_modules/typescript/lib/lib.es2015.generator.d.ts
	/Users/johng/Applications/Visual Studio Code.app/Contents/Resources/app/extensions/node_modules/typescript/lib/lib.es2015.iterable.d.ts
	/Users/johng/Applications/Visual Studio Code.app/Contents/Resources/app/extensions/node_modules/typescript/lib/lib.es2015.promise.d.ts
	/Users/johng/Applications/Visual Studio Code.app/Contents/Resources/app/extensions/node_modules/typescript/lib/lib.es2015.proxy.d.ts
	/Users/johng/Applications/Visual Studio Code.app/Contents/Resources/app/extensions/node_modules/typescript/lib/lib.es2015.reflect.d.ts
	/Users/johng/Applications/Visual Studio Code.app/Contents/Resources/app/extensions/node_modules/typescript/lib/lib.es2015.symbol.d.ts
	/Users/johng/Applications/Visual Studio Code.app/Contents/Resources/app/extensions/node_modules/typescript/lib/lib.es2015.symbol.wellknown.d.ts
	/Users/johng/Applications/Visual Studio Code.app/Contents/Resources/app/extensions/node_modules/typescript/lib/lib.es2016.array.include.d.ts
	/Users/johng/Applications/Visual Studio Code.app/Contents/Resources/app/extensions/node_modules/typescript/lib/lib.es2016.full.d.ts
	/Users/johng/dev/typescript-bug/node_modules/@types/react/global.d.ts
	/Users/johng/dev/typescript-bug/node_modules/csstype/index.d.ts
	/Users/johng/dev/typescript-bug/node_modules/@types/prop-types/index.d.ts
	/Users/johng/dev/typescript-bug/node_modules/@types/react/index.d.ts
	/Users/johng/dev/typescript-bug/node_modules/react-spring/renderprops-universal.d.ts
	/Users/johng/dev/typescript-bug/node_modules/react-spring/renderprops.d.ts
	/Users/johng/dev/typescript-bug/node_modules/react-spring/web.d.ts
	/Users/johng/dev/typescript-bug/node_modules/@types/react-dom/index.d.ts

Info 75   [16:44:51.43] -----------------------------------------------
Info 75   [16:44:51.43] Open files: 
Info 75   [16:44:51.43] 	FileName: /Users/johng/dev/typescript-bug/index.tsx ProjectRootPath: /Users/johng/dev/typescript-bug
Info 75   [16:44:51.43] 		Projects: /Users/johng/dev/typescript-bug/tsconfig.json
Info 75   [16:44:51.43] 	FileName: /Users/johng/dev/typescript-bug/node_modules/react-spring/web.d.ts ProjectRootPath: /Users/johng/dev/typescript-bug
Info 75   [16:44:51.43] 		Projects: /dev/null/inferredProject1*
Perf 75   [16:44:51.43] 3::open: async elapsed time (in milliseconds) 670.7326
Info 76   [16:44:51.43] request:
    {"seq":4,"type":"request","command":"open","arguments":{"file":"/Users/johng/dev/typescript-bug/node_modules/react-spring/renderprops.d.ts","fileContent":"import { ForwardRefExoticComponent, ComponentPropsWithRef } from 'react'\nimport { animated } from './renderprops-universal'\nexport * from './renderprops-universal'\n\ndeclare const augmentedAnimated: typeof animated &\n  {\n    [Tag in keyof JSX.IntrinsicElements]: ForwardRefExoticComponent<\n      ComponentPropsWithRef<Tag>\n    >\n  }\n\nexport { augmentedAnimated as animated }\n","scriptKindName":"TS","projectRootPath":"/Users/johng/dev/typescript-bug"}}
Info 77   [16:44:51.43] Search path: /Users/johng/dev/typescript-bug/node_modules/react-spring
Info 78   [16:44:51.43] ConfigFilePresence:: Current Watches: Config file for the inferred project root:: File: /Users/johng/dev/typescript-bug/node_modules/react-spring/tsconfig.json Currently impacted open files: RootsOfInferredProjects: /Users/johng/dev/typescript-bug/node_modules/react-spring/web.d.ts OtherOpenFiles: /Users/johng/dev/typescript-bug/node_modules/react-spring/renderprops.d.ts Status: File added to open files impacted by this config file
Info 79   [16:44:51.43] ConfigFilePresence:: Current Watches: Config file for the inferred project root:: File: /Users/johng/dev/typescript-bug/node_modules/react-spring/jsconfig.json Currently impacted open files: RootsOfInferredProjects: /Users/johng/dev/typescript-bug/node_modules/react-spring/web.d.ts OtherOpenFiles: /Users/johng/dev/typescript-bug/node_modules/react-spring/renderprops.d.ts Status: File added to open files impacted by this config file
Info 80   [16:44:51.43] ConfigFilePresence:: Current Watches: Config file for the inferred project root:: File: /Users/johng/dev/typescript-bug/node_modules/tsconfig.json Currently impacted open files: RootsOfInferredProjects: /Users/johng/dev/typescript-bug/node_modules/react-spring/web.d.ts OtherOpenFiles: /Users/johng/dev/typescript-bug/node_modules/react-spring/renderprops.d.ts Status: File added to open files impacted by this config file
Info 81   [16:44:51.43] ConfigFilePresence:: Current Watches: Config file for the inferred project root:: File: /Users/johng/dev/typescript-bug/node_modules/jsconfig.json Currently impacted open files: RootsOfInferredProjects: /Users/johng/dev/typescript-bug/node_modules/react-spring/web.d.ts OtherOpenFiles: /Users/johng/dev/typescript-bug/node_modules/react-spring/renderprops.d.ts Status: File added to open files impacted by this config file
Info 82   [16:44:51.44] ConfigFilePresence:: Current Watches: Config file:: File: /Users/johng/dev/typescript-bug/tsconfig.json Currently impacted open files: RootsOfInferredProjects: /Users/johng/dev/typescript-bug/node_modules/react-spring/web.d.ts OtherOpenFiles: /Users/johng/dev/typescript-bug/index.tsx,/Users/johng/dev/typescript-bug/node_modules/react-spring/renderprops.d.ts Status: File added to open files impacted by this config file
Info 83   [16:44:51.44] For info: /Users/johng/dev/typescript-bug/node_modules/react-spring/renderprops.d.ts :: Config file name: /Users/johng/dev/typescript-bug/tsconfig.json
Info 84   [16:44:51.44] Project '/Users/johng/dev/typescript-bug/tsconfig.json' (Configured) 0
Info 84   [16:44:51.44] 	Files (14)
	/Users/johng/Applications/Visual Studio Code.app/Contents/Resources/app/extensions/node_modules/typescript/lib/lib.es5.d.ts
	/Users/johng/Applications/Visual Studio Code.app/Contents/Resources/app/extensions/node_modules/typescript/lib/lib.dom.d.ts
	/Users/johng/Applications/Visual Studio Code.app/Contents/Resources/app/extensions/node_modules/typescript/lib/lib.es2015.collection.d.ts
	/Users/johng/Applications/Visual Studio Code.app/Contents/Resources/app/extensions/node_modules/typescript/lib/lib.es2015.iterable.d.ts
	/Users/johng/Applications/Visual Studio Code.app/Contents/Resources/app/extensions/node_modules/typescript/lib/lib.es2015.promise.d.ts
	/Users/johng/Applications/Visual Studio Code.app/Contents/Resources/app/extensions/node_modules/typescript/lib/lib.es2015.symbol.d.ts
	/Users/johng/dev/typescript-bug/node_modules/@types/react/global.d.ts
	/Users/johng/dev/typescript-bug/node_modules/csstype/index.d.ts
	/Users/johng/dev/typescript-bug/node_modules/@types/prop-types/index.d.ts
	/Users/johng/dev/typescript-bug/node_modules/@types/react/index.d.ts
	/Users/johng/dev/typescript-bug/animated.d.ts
	/Users/johng/dev/typescript-bug/node_modules/tslib/tslib.d.ts
	/Users/johng/dev/typescript-bug/index.tsx
	/Users/johng/dev/typescript-bug/node_modules/@types/react-dom/index.d.ts

Info 84   [16:44:51.44] -----------------------------------------------
Info 84   [16:44:51.44] Project '/dev/null/inferredProject1*' (Inferred) 1
Info 84   [16:44:51.44] 	Files (26)
	/Users/johng/Applications/Visual Studio Code.app/Contents/Resources/app/extensions/node_modules/typescript/lib/lib.es5.d.ts
	/Users/johng/Applications/Visual Studio Code.app/Contents/Resources/app/extensions/node_modules/typescript/lib/lib.es2015.d.ts
	/Users/johng/Applications/Visual Studio Code.app/Contents/Resources/app/extensions/node_modules/typescript/lib/lib.es2016.d.ts
	/Users/johng/Applications/Visual Studio Code.app/Contents/Resources/app/extensions/node_modules/typescript/lib/lib.dom.d.ts
	/Users/johng/Applications/Visual Studio Code.app/Contents/Resources/app/extensions/node_modules/typescript/lib/lib.dom.iterable.d.ts
	/Users/johng/Applications/Visual Studio Code.app/Contents/Resources/app/extensions/node_modules/typescript/lib/lib.webworker.importscripts.d.ts
	/Users/johng/Applications/Visual Studio Code.app/Contents/Resources/app/extensions/node_modules/typescript/lib/lib.scripthost.d.ts
	/Users/johng/Applications/Visual Studio Code.app/Contents/Resources/app/extensions/node_modules/typescript/lib/lib.es2015.core.d.ts
	/Users/johng/Applications/Visual Studio Code.app/Contents/Resources/app/extensions/node_modules/typescript/lib/lib.es2015.collection.d.ts
	/Users/johng/Applications/Visual Studio Code.app/Contents/Resources/app/extensions/node_modules/typescript/lib/lib.es2015.generator.d.ts
	/Users/johng/Applications/Visual Studio Code.app/Contents/Resources/app/extensions/node_modules/typescript/lib/lib.es2015.iterable.d.ts
	/Users/johng/Applications/Visual Studio Code.app/Contents/Resources/app/extensions/node_modules/typescript/lib/lib.es2015.promise.d.ts
	/Users/johng/Applications/Visual Studio Code.app/Contents/Resources/app/extensions/node_modules/typescript/lib/lib.es2015.proxy.d.ts
	/Users/johng/Applications/Visual Studio Code.app/Contents/Resources/app/extensions/node_modules/typescript/lib/lib.es2015.reflect.d.ts
	/Users/johng/Applications/Visual Studio Code.app/Contents/Resources/app/extensions/node_modules/typescript/lib/lib.es2015.symbol.d.ts
	/Users/johng/Applications/Visual Studio Code.app/Contents/Resources/app/extensions/node_modules/typescript/lib/lib.es2015.symbol.wellknown.d.ts
	/Users/johng/Applications/Visual Studio Code.app/Contents/Resources/app/extensions/node_modules/typescript/lib/lib.es2016.array.include.d.ts
	/Users/johng/Applications/Visual Studio Code.app/Contents/Resources/app/extensions/node_modules/typescript/lib/lib.es2016.full.d.ts
	/Users/johng/dev/typescript-bug/node_modules/@types/react/global.d.ts
	/Users/johng/dev/typescript-bug/node_modules/csstype/index.d.ts
	/Users/johng/dev/typescript-bug/node_modules/@types/prop-types/index.d.ts
	/Users/johng/dev/typescript-bug/node_modules/@types/react/index.d.ts
	/Users/johng/dev/typescript-bug/node_modules/react-spring/renderprops-universal.d.ts
	/Users/johng/dev/typescript-bug/node_modules/react-spring/renderprops.d.ts
	/Users/johng/dev/typescript-bug/node_modules/react-spring/web.d.ts
	/Users/johng/dev/typescript-bug/node_modules/@types/react-dom/index.d.ts

Info 84   [16:44:51.44] -----------------------------------------------
Info 84   [16:44:51.44] Open files: 
Info 84   [16:44:51.44] 	FileName: /Users/johng/dev/typescript-bug/index.tsx ProjectRootPath: /Users/johng/dev/typescript-bug
Info 84   [16:44:51.44] 		Projects: /Users/johng/dev/typescript-bug/tsconfig.json
Info 84   [16:44:51.44] 	FileName: /Users/johng/dev/typescript-bug/node_modules/react-spring/web.d.ts ProjectRootPath: /Users/johng/dev/typescript-bug
Info 84   [16:44:51.44] 		Projects: /dev/null/inferredProject1*
Info 84   [16:44:51.44] 	FileName: /Users/johng/dev/typescript-bug/node_modules/react-spring/renderprops.d.ts ProjectRootPath: /Users/johng/dev/typescript-bug
Info 84   [16:44:51.44] 		Projects: /dev/null/inferredProject1*
Perf 84   [16:44:51.44] 4::open: async elapsed time (in milliseconds) 1.2061
Info 85   [16:44:51.52] request:
    {"seq":5,"type":"request","command":"open","arguments":{"file":"/Users/johng/dev/typescript-bug/node_modules/react-spring/renderprops-universal.d.ts","fileContent":"// This is where the bulk of the type definitions should go.\n// The other entry points (except for hooks) all just expose this but with some customization.\n\nimport {\n  Component,\n  PureComponent,\n  ReactNode,\n  ComponentClass,\n  ComponentType,\n  ReactType,\n  Ref,\n  ForwardRefExoticComponent,\n  ComponentPropsWithRef,\n} from 'react'\n\nexport type SpringEasingFunc = (t: number) => number\n\nexport interface SpringConfig {\n  mass?: number\n  tension?: number\n  friction?: number\n  velocity?: number\n  clamp?: boolean\n  precision?: number\n  delay?: number\n  duration?: number\n  easing?: SpringEasingFunc\n}\n\ntype SpringRendererFunc<DS extends object = {}> = (params: DS) => ReactNode\n\nexport interface SpringBaseProps {\n  /**\n   * Spring config, or for individual keys: fn(key => config)\n   * @default config.default\n   */\n  config?: SpringConfig | ((key: string) => SpringConfig)\n  /**\n   * Will skip rendering the component if true and write to the dom directly\n   * @default false\n   */\n  native?: boolean\n  /**\n   * When true it literally resets: from -> to\n   * @default false\n   */\n  reset?: boolean\n  /**\n   * Prevents animation if true\n   * @default false\n   */\n  immediate?: boolean | ((key: string) => boolean)\n  /**\n   * Animation start delay, optional\n   */\n  delay?: number\n  /**\n   * reverse the animation\n   */\n  reverse?: boolean\n  /**\n   * Callback when the animation starts to animate\n   */\n  onStart?(): void\n}\n\nexport interface SpringProps<DS extends object = {}> extends SpringBaseProps {\n  /**\n   * Base styles\n   * @default {}\n   */\n  from?: Partial<DS>\n  /**\n   * Animates to...\n   * @default {}\n   */\n  to?: DS\n  /**\n   * Callback when the animation comes to a still-stand\n   */\n  onRest?: (ds: DS) => void\n  /**\n   * Frame by frame callback, first argument passed is the animated value\n   */\n  onFrame?: (ds: DS) => void\n  /**\n   * Takes a function that receives interpolated styles\n   */\n  children?: SpringRendererFunc<DS>\n  /**\n   * Inject props\n   * @default undefined\n   */\n  inject?: any\n  /**\n   * Inject props after animation is ended\n   */\n  after?: Partial<DS>\n  /**\n   * Escape hatch to force the spring to render\n   */\n  force?: boolean\n}\n\nexport const config: {\n  /** default: { tension: 170, friction: 26 } */\n  default: SpringConfig\n  /** gentle: { tension: 120, friction: 14 } */\n  gentle: SpringConfig\n  /** wobbly: { tension: 180, friction: 12 } */\n  wobbly: SpringConfig\n  /** stiff: { tension: 210, friction: 20 } */\n  stiff: SpringConfig\n  /** slow: { tension: 280, friction: 60 } */\n  slow: SpringConfig\n  /** molasses: { tension: 280, friction: 120 } */\n  molasses: SpringConfig\n}\n\nexport class Spring<DS extends object> extends PureComponent<SpringProps<DS>> {}\n\nexport function interpolate(\n  parent: number[],\n  config: (...args: number[]) => any\n): any\n\nexport function animated<T extends ReactType>(\n  comp: T\n): ForwardRefExoticComponent<ComponentPropsWithRef<T>>\n\nexport type TransitionKeyProps = string | number\n\nexport type State = 'enter' | 'update' | 'leave'\n\nexport interface TransitionProps<\n  TItem,\n  TInit extends object = {},\n  TFrom extends object = {},\n  TEnter extends object = {},\n  TLeave extends object = {},\n  TUpdate extends object = {},\n  SpringProps extends object = {},\n  DS extends object = {}\n> extends Pick<SpringBaseProps, Exclude<keyof SpringBaseProps, 'config'>> {\n  /**\n   * Spring config, or for individual keys: fn((item,type) => config), where \"type\" can be either enter, leave or update\n   * @default config.default\n   */\n  config?: SpringConfig | ((item: TItem, type: State) => SpringConfig)\n  /**\n   * First-render initial values, if present overrides \"from\" on the first render pass. It can be \"null\" to skip first mounting transition. Otherwise it can take an object or a function (item => object)\n   */\n  initial?: TInit | ((item: TItem) => TInit) | null\n  /**\n   * Base values (from -> enter), or: item => values\n   * @default {}\n   */\n  from?: TFrom | ((item: TItem) => TFrom)\n  /**\n   * Values that apply to new elements, or: item => values\n   * @default {}\n   */\n  enter?: TEnter | ((item: TItem) => TEnter)\n  /**\n   * Values that apply to leaving elements, or: item => values\n   * @default {}\n   */\n  leave?: TLeave | ((item: TItem) => TLeave)\n  /**\n   * Callback when the animation comes to a still-stand\n   */\n  onRest?: (ds: DS) => void\n\n  /**\n   * Values that apply to elements that are neither entering nor leaving (you can use this to update present elements), or: item => values\n   */\n  update?: TUpdate | ((item: TItem) => TUpdate)\n  /**\n   * The same keys you would normally hand over to React in a list. Keys can be specified as a key-accessor function, an array of keys, or a single value\n   */\n  keys?:\n    | ((item: TItem) => TransitionKeyProps)\n    | Array<TransitionKeyProps>\n    | TransitionKeyProps\n  /**\n   * An array of items to be displayed, this is used by Transition as the primary means of detecting changes.\n   * @default {}\n   */\n  items: TItem[] | TItem\n  /**\n   * A single function-child that receives the individual item and return a functional component ((item, state, index) => props => view)\n   */\n  children?: (\n    item: TItem,\n    state: State,\n    index: number\n  ) =>\n    | boolean\n    | null\n    | SpringRendererFunc<TInit & TFrom & TEnter & TLeave & TUpdate>\n  /**\n   * Calls back once a transition is about to wrap up\n   */\n  onDestroyed?: (item: TItem) => void\n  /**\n   * Useful in combination with \"unique\", when true it forces incoming items that already exist to restart instead of adapting to their current values\n   * @default false\n   */\n  reset?: boolean\n  /**\n   * Trailing delay in ms\n   */\n  trail?: number\n  /**\n   * When true enforces that an item can only occur once instead of allowing two or more items with the same key to co-exist in a stack\n   * @default false\n   */\n  unique?: boolean\n}\n\nexport class Transition<\n  TItem,\n  TInit extends object,\n  TFrom extends object,\n  TEnter extends object,\n  TLeave extends object,\n  TUpdate extends object\n> extends PureComponent<\n  TransitionProps<TItem, TInit, TFrom, TEnter, TLeave, TUpdate>\n> {}\n\ntype TrailKeyProps = string | number\n\n/**\n * Relay interface to override inheritance property\n */\ninterface TrailPropsWeaken extends SpringProps {\n  children?: any\n}\ninterface TrailProps<TItem, DS extends object = {}> extends TrailPropsWeaken {\n  /**\n   * Base values, optional\n   */\n  from?: Partial<DS>\n  /**\n   * Animates to ...\n   */\n  to?: DS\n  /**\n   * An array of items to be displayed, use this if you need access to the actual items when distributing values as functions\n   */\n  items: TItem[] | TItem\n  /**\n   * Item keys (the same keys you'd hand over to react in a list). If you specify items, keys can be an accessor function (item => item.key)\n   * @default item => item\n   */\n  keys?: ((item: TItem) => TrailKeyProps) | Array<TrailKeyProps> | TrailKeyProps\n  /**\n   * A single function-child that receives the individual item and return a functional component (item, index) => props => view)\n   */\n  children: (item: TItem, index: number) => SpringRendererFunc<DS>\n}\n\nexport class Trail<TItem, DS extends object> extends PureComponent<\n  TrailProps<TItem, DS>\n> {}\n\ninterface KeyframesProps<DS extends object = {}> {\n  state?: string\n}\n\nexport class Keyframes<\n  S extends object,\n  DS extends object\n> extends PureComponent<KeyframesProps<DS> & S> {\n  static create<S extends object, DS extends object>(\n    primitive: ComponentType\n  ): (states: object) => (props: object) => Keyframes<S, DS>\n  static Spring<S extends object, DS extends object>(\n    states: object\n  ): (\n    props: object\n  ) => Keyframes<\n    S | Pick<SpringProps<DS>, Exclude<keyof SpringProps<DS>, 'to'>>,\n    DS\n  >\n  static Trail<S extends object, DS extends object>(\n    states: object\n  ): (\n    props: object\n  ) => Keyframes<\n    S | Pick<TrailProps<DS>, Exclude<keyof TrailProps<DS>, 'to'>>,\n    DS\n  >\n  static Transition<S extends object, DS extends object>(\n    states: object\n  ): (\n    props: object\n  ) => Keyframes<\n    S | Pick<TransitionProps<S, DS>, Exclude<keyof TransitionProps<DS>, 'to'>>,\n    DS\n  >\n}\n","scriptKindName":"TS","projectRootPath":"/Users/johng/dev/typescript-bug"}}
Info 86   [16:44:51.53] Search path: /Users/johng/dev/typescript-bug/node_modules/react-spring
Info 87   [16:44:51.53] ConfigFilePresence:: Current Watches: Config file for the inferred project root:: File: /Users/johng/dev/typescript-bug/node_modules/react-spring/tsconfig.json Currently impacted open files: RootsOfInferredProjects: /Users/johng/dev/typescript-bug/node_modules/react-spring/web.d.ts OtherOpenFiles: /Users/johng/dev/typescript-bug/node_modules/react-spring/renderprops.d.ts,/Users/johng/dev/typescript-bug/node_modules/react-spring/renderprops-universal.d.ts Status: File added to open files impacted by this config file
Info 88   [16:44:51.53] ConfigFilePresence:: Current Watches: Config file for the inferred project root:: File: /Users/johng/dev/typescript-bug/node_modules/react-spring/jsconfig.json Currently impacted open files: RootsOfInferredProjects: /Users/johng/dev/typescript-bug/node_modules/react-spring/web.d.ts OtherOpenFiles: /Users/johng/dev/typescript-bug/node_modules/react-spring/renderprops.d.ts,/Users/johng/dev/typescript-bug/node_modules/react-spring/renderprops-universal.d.ts Status: File added to open files impacted by this config file
Info 89   [16:44:51.53] ConfigFilePresence:: Current Watches: Config file for the inferred project root:: File: /Users/johng/dev/typescript-bug/node_modules/tsconfig.json Currently impacted open files: RootsOfInferredProjects: /Users/johng/dev/typescript-bug/node_modules/react-spring/web.d.ts OtherOpenFiles: /Users/johng/dev/typescript-bug/node_modules/react-spring/renderprops.d.ts,/Users/johng/dev/typescript-bug/node_modules/react-spring/renderprops-universal.d.ts Status: File added to open files impacted by this config file
Info 90   [16:44:51.53] ConfigFilePresence:: Current Watches: Config file for the inferred project root:: File: /Users/johng/dev/typescript-bug/node_modules/jsconfig.json Currently impacted open files: RootsOfInferredProjects: /Users/johng/dev/typescript-bug/node_modules/react-spring/web.d.ts OtherOpenFiles: /Users/johng/dev/typescript-bug/node_modules/react-spring/renderprops.d.ts,/Users/johng/dev/typescript-bug/node_modules/react-spring/renderprops-universal.d.ts Status: File added to open files impacted by this config file
Info 91   [16:44:51.53] ConfigFilePresence:: Current Watches: Config file:: File: /Users/johng/dev/typescript-bug/tsconfig.json Currently impacted open files: RootsOfInferredProjects: /Users/johng/dev/typescript-bug/node_modules/react-spring/web.d.ts OtherOpenFiles: /Users/johng/dev/typescript-bug/index.tsx,/Users/johng/dev/typescript-bug/node_modules/react-spring/renderprops.d.ts,/Users/johng/dev/typescript-bug/node_modules/react-spring/renderprops-universal.d.ts Status: File added to open files impacted by this config file
Info 92   [16:44:51.53] For info: /Users/johng/dev/typescript-bug/node_modules/react-spring/renderprops-universal.d.ts :: Config file name: /Users/johng/dev/typescript-bug/tsconfig.json
Info 93   [16:44:51.53] Project '/Users/johng/dev/typescript-bug/tsconfig.json' (Configured) 0
Info 93   [16:44:51.53] 	Files (14)
	/Users/johng/Applications/Visual Studio Code.app/Contents/Resources/app/extensions/node_modules/typescript/lib/lib.es5.d.ts
	/Users/johng/Applications/Visual Studio Code.app/Contents/Resources/app/extensions/node_modules/typescript/lib/lib.dom.d.ts
	/Users/johng/Applications/Visual Studio Code.app/Contents/Resources/app/extensions/node_modules/typescript/lib/lib.es2015.collection.d.ts
	/Users/johng/Applications/Visual Studio Code.app/Contents/Resources/app/extensions/node_modules/typescript/lib/lib.es2015.iterable.d.ts
	/Users/johng/Applications/Visual Studio Code.app/Contents/Resources/app/extensions/node_modules/typescript/lib/lib.es2015.promise.d.ts
	/Users/johng/Applications/Visual Studio Code.app/Contents/Resources/app/extensions/node_modules/typescript/lib/lib.es2015.symbol.d.ts
	/Users/johng/dev/typescript-bug/node_modules/@types/react/global.d.ts
	/Users/johng/dev/typescript-bug/node_modules/csstype/index.d.ts
	/Users/johng/dev/typescript-bug/node_modules/@types/prop-types/index.d.ts
	/Users/johng/dev/typescript-bug/node_modules/@types/react/index.d.ts
	/Users/johng/dev/typescript-bug/animated.d.ts
	/Users/johng/dev/typescript-bug/node_modules/tslib/tslib.d.ts
	/Users/johng/dev/typescript-bug/index.tsx
	/Users/johng/dev/typescript-bug/node_modules/@types/react-dom/index.d.ts

Info 93   [16:44:51.53] -----------------------------------------------
Info 93   [16:44:51.53] Project '/dev/null/inferredProject1*' (Inferred) 1
Info 93   [16:44:51.53] 	Files (26)
	/Users/johng/Applications/Visual Studio Code.app/Contents/Resources/app/extensions/node_modules/typescript/lib/lib.es5.d.ts
	/Users/johng/Applications/Visual Studio Code.app/Contents/Resources/app/extensions/node_modules/typescript/lib/lib.es2015.d.ts
	/Users/johng/Applications/Visual Studio Code.app/Contents/Resources/app/extensions/node_modules/typescript/lib/lib.es2016.d.ts
	/Users/johng/Applications/Visual Studio Code.app/Contents/Resources/app/extensions/node_modules/typescript/lib/lib.dom.d.ts
	/Users/johng/Applications/Visual Studio Code.app/Contents/Resources/app/extensions/node_modules/typescript/lib/lib.dom.iterable.d.ts
	/Users/johng/Applications/Visual Studio Code.app/Contents/Resources/app/extensions/node_modules/typescript/lib/lib.webworker.importscripts.d.ts
	/Users/johng/Applications/Visual Studio Code.app/Contents/Resources/app/extensions/node_modules/typescript/lib/lib.scripthost.d.ts
	/Users/johng/Applications/Visual Studio Code.app/Contents/Resources/app/extensions/node_modules/typescript/lib/lib.es2015.core.d.ts
	/Users/johng/Applications/Visual Studio Code.app/Contents/Resources/app/extensions/node_modules/typescript/lib/lib.es2015.collection.d.ts
	/Users/johng/Applications/Visual Studio Code.app/Contents/Resources/app/extensions/node_modules/typescript/lib/lib.es2015.generator.d.ts
	/Users/johng/Applications/Visual Studio Code.app/Contents/Resources/app/extensions/node_modules/typescript/lib/lib.es2015.iterable.d.ts
	/Users/johng/Applications/Visual Studio Code.app/Contents/Resources/app/extensions/node_modules/typescript/lib/lib.es2015.promise.d.ts
	/Users/johng/Applications/Visual Studio Code.app/Contents/Resources/app/extensions/node_modules/typescript/lib/lib.es2015.proxy.d.ts
	/Users/johng/Applications/Visual Studio Code.app/Contents/Resources/app/extensions/node_modules/typescript/lib/lib.es2015.reflect.d.ts
	/Users/johng/Applications/Visual Studio Code.app/Contents/Resources/app/extensions/node_modules/typescript/lib/lib.es2015.symbol.d.ts
	/Users/johng/Applications/Visual Studio Code.app/Contents/Resources/app/extensions/node_modules/typescript/lib/lib.es2015.symbol.wellknown.d.ts
	/Users/johng/Applications/Visual Studio Code.app/Contents/Resources/app/extensions/node_modules/typescript/lib/lib.es2016.array.include.d.ts
	/Users/johng/Applications/Visual Studio Code.app/Contents/Resources/app/extensions/node_modules/typescript/lib/lib.es2016.full.d.ts
	/Users/johng/dev/typescript-bug/node_modules/@types/react/global.d.ts
	/Users/johng/dev/typescript-bug/node_modules/csstype/index.d.ts
	/Users/johng/dev/typescript-bug/node_modules/@types/prop-types/index.d.ts
	/Users/johng/dev/typescript-bug/node_modules/@types/react/index.d.ts
	/Users/johng/dev/typescript-bug/node_modules/react-spring/renderprops-universal.d.ts
	/Users/johng/dev/typescript-bug/node_modules/react-spring/renderprops.d.ts
	/Users/johng/dev/typescript-bug/node_modules/react-spring/web.d.ts
	/Users/johng/dev/typescript-bug/node_modules/@types/react-dom/index.d.ts

Info 93   [16:44:51.53] -----------------------------------------------
Info 93   [16:44:51.53] Open files: 
Info 93   [16:44:51.53] 	FileName: /Users/johng/dev/typescript-bug/index.tsx ProjectRootPath: /Users/johng/dev/typescript-bug
Info 93   [16:44:51.53] 		Projects: /Users/johng/dev/typescript-bug/tsconfig.json
Info 93   [16:44:51.53] 	FileName: /Users/johng/dev/typescript-bug/node_modules/react-spring/web.d.ts ProjectRootPath: /Users/johng/dev/typescript-bug
Info 93   [16:44:51.53] 		Projects: /dev/null/inferredProject1*
Info 93   [16:44:51.53] 	FileName: /Users/johng/dev/typescript-bug/node_modules/react-spring/renderprops.d.ts ProjectRootPath: /Users/johng/dev/typescript-bug
Info 93   [16:44:51.53] 		Projects: /dev/null/inferredProject1*
Info 93   [16:44:51.53] 	FileName: /Users/johng/dev/typescript-bug/node_modules/react-spring/renderprops-universal.d.ts ProjectRootPath: /Users/johng/dev/typescript-bug
Info 93   [16:44:51.53] 		Projects: /dev/null/inferredProject1*
Perf 93   [16:44:51.54] 5::open: async elapsed time (in milliseconds) 1.3709
Info 94   [16:44:51.54] request:
    {"seq":6,"type":"request","command":"open","arguments":{"file":"/Users/johng/dev/typescript-bug/animated.d.ts","fileContent":"declare module \"animated\" {\n  import {\n    ReactType,\n    ForwardRefExoticComponent,\n    ComponentPropsWithRef\n  } from \"react\";\n\n  declare function animated<T extends ReactType>(\n    comp: T\n  ): ForwardRefExoticComponent<ComponentPropsWithRef<T>>;\n\n  declare const animatedAugmented: typeof animated &\n    {\n      [Tag in keyof JSX.IntrinsicElements]: ForwardRefExoticComponent<\n        ComponentPropsWithRef<Tag>\n      >\n    };\n\n  export { animatedAugmented as animated };\n}\n","scriptKindName":"TS","projectRootPath":"/Users/johng/dev/typescript-bug"}}
Info 95   [16:44:51.54] FileWatcher:: Close:: WatchInfo: /Users/johng/dev/typescript-bug/animated.d.ts 500 Project:  WatchType: Closed Script info
Info 96   [16:44:51.54] Search path: /Users/johng/dev/typescript-bug
Info 97   [16:44:51.54] ConfigFilePresence:: Current Watches: Config file:: File: /Users/johng/dev/typescript-bug/tsconfig.json Currently impacted open files: RootsOfInferredProjects: /Users/johng/dev/typescript-bug/node_modules/react-spring/web.d.ts OtherOpenFiles: /Users/johng/dev/typescript-bug/index.tsx,/Users/johng/dev/typescript-bug/node_modules/react-spring/renderprops.d.ts,/Users/johng/dev/typescript-bug/node_modules/react-spring/renderprops-universal.d.ts,/Users/johng/dev/typescript-bug/animated.d.ts Status: File added to open files impacted by this config file
Info 98   [16:44:51.54] For info: /Users/johng/dev/typescript-bug/animated.d.ts :: Config file name: /Users/johng/dev/typescript-bug/tsconfig.json
Info 99   [16:44:51.54] Project '/Users/johng/dev/typescript-bug/tsconfig.json' (Configured) 0
Info 99   [16:44:51.54] 	Files (14)
	/Users/johng/Applications/Visual Studio Code.app/Contents/Resources/app/extensions/node_modules/typescript/lib/lib.es5.d.ts
	/Users/johng/Applications/Visual Studio Code.app/Contents/Resources/app/extensions/node_modules/typescript/lib/lib.dom.d.ts
	/Users/johng/Applications/Visual Studio Code.app/Contents/Resources/app/extensions/node_modules/typescript/lib/lib.es2015.collection.d.ts
	/Users/johng/Applications/Visual Studio Code.app/Contents/Resources/app/extensions/node_modules/typescript/lib/lib.es2015.iterable.d.ts
	/Users/johng/Applications/Visual Studio Code.app/Contents/Resources/app/extensions/node_modules/typescript/lib/lib.es2015.promise.d.ts
	/Users/johng/Applications/Visual Studio Code.app/Contents/Resources/app/extensions/node_modules/typescript/lib/lib.es2015.symbol.d.ts
	/Users/johng/dev/typescript-bug/node_modules/@types/react/global.d.ts
	/Users/johng/dev/typescript-bug/node_modules/csstype/index.d.ts
	/Users/johng/dev/typescript-bug/node_modules/@types/prop-types/index.d.ts
	/Users/johng/dev/typescript-bug/node_modules/@types/react/index.d.ts
	/Users/johng/dev/typescript-bug/animated.d.ts
	/Users/johng/dev/typescript-bug/node_modules/tslib/tslib.d.ts
	/Users/johng/dev/typescript-bug/index.tsx
	/Users/johng/dev/typescript-bug/node_modules/@types/react-dom/index.d.ts

Info 99   [16:44:51.54] -----------------------------------------------
Info 99   [16:44:51.54] Project '/dev/null/inferredProject1*' (Inferred) 1
Info 99   [16:44:51.54] 	Files (26)
	/Users/johng/Applications/Visual Studio Code.app/Contents/Resources/app/extensions/node_modules/typescript/lib/lib.es5.d.ts
	/Users/johng/Applications/Visual Studio Code.app/Contents/Resources/app/extensions/node_modules/typescript/lib/lib.es2015.d.ts
	/Users/johng/Applications/Visual Studio Code.app/Contents/Resources/app/extensions/node_modules/typescript/lib/lib.es2016.d.ts
	/Users/johng/Applications/Visual Studio Code.app/Contents/Resources/app/extensions/node_modules/typescript/lib/lib.dom.d.ts
	/Users/johng/Applications/Visual Studio Code.app/Contents/Resources/app/extensions/node_modules/typescript/lib/lib.dom.iterable.d.ts
	/Users/johng/Applications/Visual Studio Code.app/Contents/Resources/app/extensions/node_modules/typescript/lib/lib.webworker.importscripts.d.ts
	/Users/johng/Applications/Visual Studio Code.app/Contents/Resources/app/extensions/node_modules/typescript/lib/lib.scripthost.d.ts
	/Users/johng/Applications/Visual Studio Code.app/Contents/Resources/app/extensions/node_modules/typescript/lib/lib.es2015.core.d.ts
	/Users/johng/Applications/Visual Studio Code.app/Contents/Resources/app/extensions/node_modules/typescript/lib/lib.es2015.collection.d.ts
	/Users/johng/Applications/Visual Studio Code.app/Contents/Resources/app/extensions/node_modules/typescript/lib/lib.es2015.generator.d.ts
	/Users/johng/Applications/Visual Studio Code.app/Contents/Resources/app/extensions/node_modules/typescript/lib/lib.es2015.iterable.d.ts
	/Users/johng/Applications/Visual Studio Code.app/Contents/Resources/app/extensions/node_modules/typescript/lib/lib.es2015.promise.d.ts
	/Users/johng/Applications/Visual Studio Code.app/Contents/Resources/app/extensions/node_modules/typescript/lib/lib.es2015.proxy.d.ts
	/Users/johng/Applications/Visual Studio Code.app/Contents/Resources/app/extensions/node_modules/typescript/lib/lib.es2015.reflect.d.ts
	/Users/johng/Applications/Visual Studio Code.app/Contents/Resources/app/extensions/node_modules/typescript/lib/lib.es2015.symbol.d.ts
	/Users/johng/Applications/Visual Studio Code.app/Contents/Resources/app/extensions/node_modules/typescript/lib/lib.es2015.symbol.wellknown.d.ts
	/Users/johng/Applications/Visual Studio Code.app/Contents/Resources/app/extensions/node_modules/typescript/lib/lib.es2016.array.include.d.ts
	/Users/johng/Applications/Visual Studio Code.app/Contents/Resources/app/extensions/node_modules/typescript/lib/lib.es2016.full.d.ts
	/Users/johng/dev/typescript-bug/node_modules/@types/react/global.d.ts
	/Users/johng/dev/typescript-bug/node_modules/csstype/index.d.ts
	/Users/johng/dev/typescript-bug/node_modules/@types/prop-types/index.d.ts
	/Users/johng/dev/typescript-bug/node_modules/@types/react/index.d.ts
	/Users/johng/dev/typescript-bug/node_modules/react-spring/renderprops-universal.d.ts
	/Users/johng/dev/typescript-bug/node_modules/react-spring/renderprops.d.ts
	/Users/johng/dev/typescript-bug/node_modules/react-spring/web.d.ts
	/Users/johng/dev/typescript-bug/node_modules/@types/react-dom/index.d.ts

Info 99   [16:44:51.54] -----------------------------------------------
Info 99   [16:44:51.54] Open files: 
Info 99   [16:44:51.54] 	FileName: /Users/johng/dev/typescript-bug/index.tsx ProjectRootPath: /Users/johng/dev/typescript-bug
Info 99   [16:44:51.54] 		Projects: /Users/johng/dev/typescript-bug/tsconfig.json
Info 99   [16:44:51.54] 	FileName: /Users/johng/dev/typescript-bug/node_modules/react-spring/web.d.ts ProjectRootPath: /Users/johng/dev/typescript-bug
Info 99   [16:44:51.54] 		Projects: /dev/null/inferredProject1*
Info 99   [16:44:51.54] 	FileName: /Users/johng/dev/typescript-bug/node_modules/react-spring/renderprops.d.ts ProjectRootPath: /Users/johng/dev/typescript-bug
Info 99   [16:44:51.54] 		Projects: /dev/null/inferredProject1*
Info 99   [16:44:51.54] 	FileName: /Users/johng/dev/typescript-bug/node_modules/react-spring/renderprops-universal.d.ts ProjectRootPath: /Users/johng/dev/typescript-bug
Info 99   [16:44:51.54] 		Projects: /dev/null/inferredProject1*
Info 99   [16:44:51.54] 	FileName: /Users/johng/dev/typescript-bug/animated.d.ts ProjectRootPath: /Users/johng/dev/typescript-bug
Info 99   [16:44:51.55] 		Projects: /Users/johng/dev/typescript-bug/tsconfig.json
Perf 99   [16:44:51.55] 6::open: async elapsed time (in milliseconds) 1.0116
Info 100  [16:44:51.55] request:
    {"seq":7,"type":"request","command":"geterr","arguments":{"delay":0,"files":["/Users/johng/dev/typescript-bug/index.tsx","/Users/johng/dev/typescript-bug/node_modules/react-spring/web.d.ts","/Users/johng/dev/typescript-bug/node_modules/react-spring/renderprops.d.ts","/Users/johng/dev/typescript-bug/node_modules/react-spring/renderprops-universal.d.ts","/Users/johng/dev/typescript-bug/animated.d.ts"]}}
Info 101  [16:44:51.55] event:
    {"seq":0,"type":"event","event":"requestCompleted","body":{"request_seq":7}}
Perf 102  [16:44:51.55] 7::geterr: async elapsed time (in milliseconds) 0.5542
Info 103  [16:44:51.55] request:
    {"seq":8,"type":"request","command":"geterr","arguments":{"delay":0,"files":["/Users/johng/dev/typescript-bug/index.tsx","/Users/johng/dev/typescript-bug/node_modules/react-spring/web.d.ts","/Users/johng/dev/typescript-bug/node_modules/react-spring/renderprops.d.ts","/Users/johng/dev/typescript-bug/node_modules/react-spring/renderprops-universal.d.ts","/Users/johng/dev/typescript-bug/animated.d.ts"]}}
Info 104  [16:44:51.55] event:
    {"seq":0,"type":"event","event":"requestCompleted","body":{"request_seq":8}}
Perf 105  [16:44:51.55] 8::geterr: async elapsed time (in milliseconds) 0.1458
Info 106  [16:44:51.55] request:
    {"seq":9,"type":"request","command":"getApplicableRefactors","arguments":{"file":"/Users/johng/dev/typescript-bug/index.tsx","startLine":1,"startOffset":1,"endLine":1,"endOffset":1}}
Perf 107  [16:44:51.90] 9::getApplicableRefactors: elapsed time (in milliseconds) 34.6176
Info 108  [16:44:51.90] response:
    {"seq":0,"type":"response","command":"getApplicableRefactors","request_seq":9,"success":true,"body":[]}
Info 109  [16:44:51.91] request:
    {"seq":10,"type":"request","command":"getOutliningSpans","arguments":{"file":"/Users/johng/dev/typescript-bug/index.tsx"}}
Perf 110  [16:44:51.95] 10::getOutliningSpans: elapsed time (in milliseconds) 4.2934
Info 111  [16:44:51.96] response:
    {"seq":0,"type":"response","command":"getOutliningSpans","request_seq":10,"success":true,"body":[{"textSpan":{"start":{"line":1,"offset":1},"end":{"line":2,"offset":37}},"hintSpan":{"start":{"line":1,"offset":1},"end":{"line":2,"offset":37}},"bannerText":"...","autoCollapse":false,"kind":"imports"},{"textSpan":{"start":{"line":4,"offset":27},"end":{"line":4,"offset":30}},"hintSpan":{"start":{"line":4,"offset":1},"end":{"line":4,"offset":30}},"bannerText":"...","autoCollapse":false,"kind":"code"},{"textSpan":{"start":{"line":6,"offset":30},"end":{"line":8,"offset":2}},"hintSpan":{"start":{"line":6,"offset":1},"end":{"line":8,"offset":2}},"bannerText":"...","autoCollapse":false,"kind":"code"},{"textSpan":{"start":{"line":12,"offset":41},"end":{"line":21,"offset":2}},"hintSpan":{"start":{"line":10,"offset":1},"end":{"line":21,"offset":2}},"bannerText":"...","autoCollapse":true,"kind":"code"},{"textSpan":{"start":{"line":17,"offset":57},"end":{"line":20,"offset":4}},"hintSpan":{"start":{"line":17,"offset":42},"end":{"line":20,"offset":4}},"bannerText":"...","autoCollapse":false,"kind":"code"},{"textSpan":{"start":{"line":19,"offset":25},"end":{"line":19,"offset":48}},"hintSpan":{"start":{"line":19,"offset":25},"end":{"line":19,"offset":48}},"bannerText":"...","autoCollapse":false,"kind":"code"}]}
Info 112  [16:44:51.142] request:
    {"seq":11,"type":"request","command":"geterr","arguments":{"delay":0,"files":["/Users/johng/dev/typescript-bug/index.tsx","/Users/johng/dev/typescript-bug/node_modules/react-spring/web.d.ts","/Users/johng/dev/typescript-bug/node_modules/react-spring/renderprops.d.ts","/Users/johng/dev/typescript-bug/node_modules/react-spring/renderprops-universal.d.ts","/Users/johng/dev/typescript-bug/animated.d.ts"]}}
Perf 113  [16:44:51.142] 11::geterr: async elapsed time (in milliseconds) 0.8585
Info 114  [16:44:51.143] Sending request:
    {"projectName":"/dev/null/inferredProject1*","fileNames":["/Users/johng/Applications/Visual Studio Code.app/Contents/Resources/app/extensions/node_modules/typescript/lib/lib.es5.d.ts","/Users/johng/Applications/Visual Studio Code.app/Contents/Resources/app/extensions/node_modules/typescript/lib/lib.es2015.d.ts","/Users/johng/Applications/Visual Studio Code.app/Contents/Resources/app/extensions/node_modules/typescript/lib/lib.es2016.d.ts","/Users/johng/Applications/Visual Studio Code.app/Contents/Resources/app/extensions/node_modules/typescript/lib/lib.dom.d.ts","/Users/johng/Applications/Visual Studio Code.app/Contents/Resources/app/extensions/node_modules/typescript/lib/lib.dom.iterable.d.ts","/Users/johng/Applications/Visual Studio Code.app/Contents/Resources/app/extensions/node_modules/typescript/lib/lib.webworker.importscripts.d.ts","/Users/johng/Applications/Visual Studio Code.app/Contents/Resources/app/extensions/node_modules/typescript/lib/lib.scripthost.d.ts","/Users/johng/Applications/Visual Studio Code.app/Contents/Resources/app/extensions/node_modules/typescript/lib/lib.es2015.core.d.ts","/Users/johng/Applications/Visual Studio Code.app/Contents/Resources/app/extensions/node_modules/typescript/lib/lib.es2015.collection.d.ts","/Users/johng/Applications/Visual Studio Code.app/Contents/Resources/app/extensions/node_modules/typescript/lib/lib.es2015.generator.d.ts","/Users/johng/Applications/Visual Studio Code.app/Contents/Resources/app/extensions/node_modules/typescript/lib/lib.es2015.iterable.d.ts","/Users/johng/Applications/Visual Studio Code.app/Contents/Resources/app/extensions/node_modules/typescript/lib/lib.es2015.promise.d.ts","/Users/johng/Applications/Visual Studio Code.app/Contents/Resources/app/extensions/node_modules/typescript/lib/lib.es2015.proxy.d.ts","/Users/johng/Applications/Visual Studio Code.app/Contents/Resources/app/extensions/node_modules/typescript/lib/lib.es2015.reflect.d.ts","/Users/johng/Applications/Visual Studio Code.app/Contents/Resources/app/extensions/node_modules/typescript/lib/lib.es2015.symbol.d.ts","/Users/johng/Applications/Visual Studio Code.app/Contents/Resources/app/extensions/node_modules/typescript/lib/lib.es2015.symbol.wellknown.d.ts","/Users/johng/Applications/Visual Studio Code.app/Contents/Resources/app/extensions/node_modules/typescript/lib/lib.es2016.array.include.d.ts","/Users/johng/Applications/Visual Studio Code.app/Contents/Resources/app/extensions/node_modules/typescript/lib/lib.es2016.full.d.ts","/Users/johng/dev/typescript-bug/node_modules/react-spring/web.d.ts"],"compilerOptions":{"module":1,"target":3,"jsx":1,"allowJs":true,"allowSyntheticDefaultImports":true,"allowNonTsExtensions":true,"noEmitForJsFiles":true},"typeAcquisition":{"enable":true,"include":[],"exclude":[]},"unresolvedImports":[],"projectRootPath":"/Users/johng/dev/typescript-bug","kind":"discover"}
Info 115  [16:44:51.143] event:
    {"seq":0,"type":"event","event":"syntaxDiag","body":{"file":"/Users/johng/dev/typescript-bug/index.tsx","diagnostics":[]}}
